[2020-07-09 16:12:32,259] - [run_test.py --> line:9] - [INFO] : [---------------------------------------测试开始---------------------------------------]
[2020-07-09 16:12:32,632] - [test_register.py --> line:51] - [INFO] : [正在请求地址：http://api.keyou.site:8000/user/register/]
[2020-07-09 16:12:32,967] - [test_register.py --> line:77] - [INFO] : [[正常注册] --> 该用例执行通过]
[2020-07-09 16:12:33,131] - [test_register.py --> line:51] - [INFO] : [正在请求地址：http://api.keyou.site:8000/user/register/]
[2020-07-09 16:12:33,255] - [test_register.py --> line:77] - [INFO] : [[用户名为空] --> 该用例执行通过]
[2020-07-09 16:12:33,416] - [test_register.py --> line:51] - [INFO] : [正在请求地址：http://api.keyou.site:8000/user/register/]
[2020-07-09 16:12:33,543] - [test_register.py --> line:77] - [INFO] : [[用户名不足6位（5位）] --> 该用例执行通过]
[2020-07-09 16:12:33,706] - [test_register.py --> line:51] - [INFO] : [正在请求地址：http://api.keyou.site:8000/user/register/]
[2020-07-09 16:12:34,021] - [test_register.py --> line:77] - [INFO] : [[用户名刚好6位] --> 该用例执行通过]
[2020-07-09 16:12:34,184] - [test_register.py --> line:51] - [INFO] : [正在请求地址：http://api.keyou.site:8000/user/register/]
[2020-07-09 16:12:34,311] - [test_register.py --> line:77] - [INFO] : [[用户名超过20位(21位)] --> 该用例执行通过]
[2020-07-09 16:12:34,475] - [test_register.py --> line:51] - [INFO] : [正在请求地址：http://api.keyou.site:8000/user/register/]
[2020-07-09 16:12:34,801] - [test_register.py --> line:77] - [INFO] : [[用户名刚好20位] --> 该用例执行通过]
[2020-07-09 16:12:34,802] - [run_test.py --> line:25] - [INFO] : [---------------------------------------测试结束---------------------------------------]
[2020-07-09 16:15:13,991] - [run_test.py --> line:9] - [INFO] : [---------------------------------------测试开始---------------------------------------]
[2020-07-09 16:15:14,934] - [test_register.py --> line:51] - [INFO] : [正在请求地址：http://api.keyou.site:8000/user/register/]
[2020-07-09 16:15:15,315] - [test_register.py --> line:77] - [INFO] : [[正常注册] --> 该用例执行通过]
[2020-07-09 16:15:15,478] - [test_register.py --> line:51] - [INFO] : [正在请求地址：http://api.keyou.site:8000/user/register/]
[2020-07-09 16:15:15,590] - [test_register.py --> line:77] - [INFO] : [[用户名为空] --> 该用例执行通过]
[2020-07-09 16:15:15,749] - [test_register.py --> line:51] - [INFO] : [正在请求地址：http://api.keyou.site:8000/user/register/]
[2020-07-09 16:15:15,872] - [test_register.py --> line:77] - [INFO] : [[用户名不足6位（5位）] --> 该用例执行通过]
[2020-07-09 16:15:16,032] - [test_register.py --> line:51] - [INFO] : [正在请求地址：http://api.keyou.site:8000/user/register/]
[2020-07-09 16:15:16,350] - [test_register.py --> line:77] - [INFO] : [[用户名刚好6位] --> 该用例执行通过]
[2020-07-09 16:15:16,512] - [test_register.py --> line:51] - [INFO] : [正在请求地址：http://api.keyou.site:8000/user/register/]
[2020-07-09 16:15:16,632] - [test_register.py --> line:77] - [INFO] : [[用户名超过20位(21位)] --> 该用例执行通过]
[2020-07-09 16:15:16,796] - [test_register.py --> line:51] - [INFO] : [正在请求地址：http://api.keyou.site:8000/user/register/]
[2020-07-09 16:15:17,109] - [test_register.py --> line:77] - [INFO] : [[用户名刚好20位] --> 该用例执行通过]
[2020-07-09 16:15:17,110] - [run_test.py --> line:25] - [INFO] : [---------------------------------------测试结束---------------------------------------]
[2020-07-09 16:36:39,444] - [run_test.py --> line:9] - [INFO] : [---------------------------------------测试开始---------------------------------------]
[2020-07-09 16:36:40,467] - [test_register.py --> line:51] - [INFO] : [正在请求地址：http://api.keyou.site:8000/user/register/]
[2020-07-09 16:36:40,794] - [test_register.py --> line:77] - [INFO] : [[正常注册] --> 该用例执行通过]
[2020-07-09 16:36:40,954] - [test_register.py --> line:51] - [INFO] : [正在请求地址：http://api.keyou.site:8000/user/register/]
[2020-07-09 16:36:41,079] - [test_register.py --> line:77] - [INFO] : [[用户名为空] --> 该用例执行通过]
[2020-07-09 16:36:41,238] - [test_register.py --> line:51] - [INFO] : [正在请求地址：http://api.keyou.site:8000/user/register/]
[2020-07-09 16:36:41,358] - [test_register.py --> line:77] - [INFO] : [[用户名不足6位（5位）] --> 该用例执行通过]
[2020-07-09 16:36:41,518] - [test_register.py --> line:51] - [INFO] : [正在请求地址：http://api.keyou.site:8000/user/register/]
[2020-07-09 16:36:41,835] - [test_register.py --> line:77] - [INFO] : [[用户名刚好6位] --> 该用例执行通过]
[2020-07-09 16:36:41,995] - [test_register.py --> line:51] - [INFO] : [正在请求地址：http://api.keyou.site:8000/user/register/]
[2020-07-09 16:36:42,120] - [test_register.py --> line:77] - [INFO] : [[用户名超过20位(21位)] --> 该用例执行通过]
[2020-07-09 16:36:42,278] - [test_register.py --> line:51] - [INFO] : [正在请求地址：http://api.keyou.site:8000/user/register/]
[2020-07-09 16:36:42,605] - [test_register.py --> line:77] - [INFO] : [[用户名刚好20位] --> 该用例执行通过]
[2020-07-09 16:36:42,764] - [test_register.py --> line:51] - [INFO] : [正在请求地址：http://api.keyou.site:8000/user/register/]
[2020-07-09 16:36:42,879] - [test_register.py --> line:77] - [INFO] : [[用户名已注册] --> 该用例执行通过]
[2020-07-09 16:36:43,198] - [test_register.py --> line:51] - [INFO] : [正在请求地址：http://api.keyou.site:8000/user/register/]
[2020-07-09 16:36:43,330] - [test_register.py --> line:77] - [INFO] : [[邮箱已注册] --> 该用例执行通过]
[2020-07-09 16:36:43,488] - [test_register.py --> line:51] - [INFO] : [正在请求地址：http://api.keyou.site:8000/user/register/]
[2020-07-09 16:36:43,612] - [test_register.py --> line:77] - [INFO] : [[邮箱格式错误] --> 该用例执行通过]
[2020-07-09 16:36:43,772] - [test_register.py --> line:51] - [INFO] : [正在请求地址：http://api.keyou.site:8000/user/register/]
[2020-07-09 16:36:43,901] - [test_register.py --> line:77] - [INFO] : [[密码为空] --> 该用例执行通过]
[2020-07-09 16:36:44,058] - [test_register.py --> line:51] - [INFO] : [正在请求地址：http://api.keyou.site:8000/user/register/]
[2020-07-09 16:36:44,175] - [test_register.py --> line:71] - [ERROR] : [{'password': ['仅允许6-20个字符的密码']} != {'password': ['仅允许6-20个字符的密码'], 'password_confirm': ['仅允许6~20个字符的确认密码']}
- {'password': ['仅允许6-20个字符的密码']}
+ {'password': ['仅允许6-20个字符的密码'], 'password_confirm': ['仅允许6~20个字符的确认密码']}]
[2020-07-09 16:36:44,175] - [test_register.py --> line:72] - [INFO] : [[{case.title}] --> 该用例执行未通过]
[2020-07-09 16:36:44,336] - [test_register.py --> line:51] - [INFO] : [正在请求地址：http://api.keyou.site:8000/user/register/]
[2020-07-09 16:36:44,587] - [test_register.py --> line:71] - [ERROR] : [200 != 201]
[2020-07-09 16:36:44,587] - [test_register.py --> line:72] - [INFO] : [[{case.title}] --> 该用例执行未通过]
[2020-07-09 16:36:44,748] - [test_register.py --> line:51] - [INFO] : [正在请求地址：http://api.keyou.site:8000/user/register/]
[2020-07-09 16:36:44,871] - [test_register.py --> line:71] - [ERROR] : [{'password': ['仅允许6-20个字符的密码']} != {'password': ['仅允许6-20个字符的密码'], 'password_confirm': ['仅允许6~20个字符的确认密码']}
- {'password': ['仅允许6-20个字符的密码']}
+ {'password': ['仅允许6-20个字符的密码'], 'password_confirm': ['仅允许6~20个字符的确认密码']}]
[2020-07-09 16:36:44,872] - [test_register.py --> line:72] - [INFO] : [[{case.title}] --> 该用例执行未通过]
[2020-07-09 16:36:45,032] - [test_register.py --> line:51] - [INFO] : [正在请求地址：http://api.keyou.site:8000/user/register/]
[2020-07-09 16:36:45,281] - [test_register.py --> line:71] - [ERROR] : [200 != 201]
[2020-07-09 16:36:45,281] - [test_register.py --> line:72] - [INFO] : [[{case.title}] --> 该用例执行未通过]
[2020-07-09 16:36:45,441] - [test_register.py --> line:51] - [INFO] : [正在请求地址：http://api.keyou.site:8000/user/register/]
[2020-07-09 16:36:45,555] - [test_register.py --> line:77] - [INFO] : [[确认密码为空] --> 该用例执行通过]
[2020-07-09 16:36:45,711] - [test_register.py --> line:51] - [INFO] : [正在请求地址：http://api.keyou.site:8000/user/register/]
[2020-07-09 16:36:45,828] - [test_register.py --> line:71] - [ERROR] : [None != 400]
[2020-07-09 16:36:45,829] - [test_register.py --> line:72] - [INFO] : [[{case.title}] --> 该用例执行未通过]
[2020-07-09 16:36:45,829] - [run_test.py --> line:25] - [INFO] : [---------------------------------------测试结束---------------------------------------]
[2020-07-09 16:40:37,891] - [run_test.py --> line:9] - [INFO] : [---------------------------------------测试开始---------------------------------------]
[2020-07-09 16:40:38,231] - [test_register.py --> line:51] - [INFO] : [正在请求地址：http://api.keyou.site:8000/user/register/]
[2020-07-09 16:40:38,541] - [test_register.py --> line:77] - [INFO] : [[正常注册] --> 该用例执行通过]
[2020-07-09 16:40:38,679] - [test_register.py --> line:51] - [INFO] : [正在请求地址：http://api.keyou.site:8000/user/register/]
[2020-07-09 16:40:38,793] - [test_register.py --> line:77] - [INFO] : [[用户名为空] --> 该用例执行通过]
[2020-07-09 16:40:38,936] - [test_register.py --> line:51] - [INFO] : [正在请求地址：http://api.keyou.site:8000/user/register/]
[2020-07-09 16:40:39,069] - [test_register.py --> line:77] - [INFO] : [[用户名不足6位（5位）] --> 该用例执行通过]
[2020-07-09 16:40:39,210] - [test_register.py --> line:51] - [INFO] : [正在请求地址：http://api.keyou.site:8000/user/register/]
[2020-07-09 16:40:39,566] - [test_register.py --> line:77] - [INFO] : [[用户名刚好6位] --> 该用例执行通过]
[2020-07-09 16:40:39,707] - [test_register.py --> line:51] - [INFO] : [正在请求地址：http://api.keyou.site:8000/user/register/]
[2020-07-09 16:40:39,820] - [test_register.py --> line:77] - [INFO] : [[用户名超过20位(21位)] --> 该用例执行通过]
[2020-07-09 16:40:39,959] - [test_register.py --> line:51] - [INFO] : [正在请求地址：http://api.keyou.site:8000/user/register/]
[2020-07-09 16:40:40,283] - [test_register.py --> line:77] - [INFO] : [[用户名刚好20位] --> 该用例执行通过]
[2020-07-09 16:40:40,426] - [test_register.py --> line:51] - [INFO] : [正在请求地址：http://api.keyou.site:8000/user/register/]
[2020-07-09 16:40:40,549] - [test_register.py --> line:77] - [INFO] : [[用户名已注册] --> 该用例执行通过]
[2020-07-09 16:40:40,692] - [test_register.py --> line:51] - [INFO] : [正在请求地址：http://api.keyou.site:8000/user/register/]
[2020-07-09 16:40:40,826] - [test_register.py --> line:77] - [INFO] : [[邮箱为空] --> 该用例执行通过]
[2020-07-09 16:40:40,967] - [test_register.py --> line:51] - [INFO] : [正在请求地址：http://api.keyou.site:8000/user/register/]
[2020-07-09 16:40:41,084] - [test_register.py --> line:77] - [INFO] : [[邮箱已注册] --> 该用例执行通过]
[2020-07-09 16:40:41,226] - [test_register.py --> line:51] - [INFO] : [正在请求地址：http://api.keyou.site:8000/user/register/]
[2020-07-09 16:40:41,347] - [test_register.py --> line:77] - [INFO] : [[邮箱格式错误] --> 该用例执行通过]
[2020-07-09 16:40:41,488] - [test_register.py --> line:51] - [INFO] : [正在请求地址：http://api.keyou.site:8000/user/register/]
[2020-07-09 16:40:41,608] - [test_register.py --> line:77] - [INFO] : [[密码为空] --> 该用例执行通过]
[2020-07-09 16:40:41,749] - [test_register.py --> line:51] - [INFO] : [正在请求地址：http://api.keyou.site:8000/user/register/]
[2020-07-09 16:40:41,869] - [test_register.py --> line:71] - [ERROR] : [{'password': ['仅允许6-20个字符的密码'], 'password_confirm': ['仅允许6-20个字符的密码']} != {'password': ['仅允许6-20个字符的密码'], 'password_confirm': ['仅允许6~20个字符的确认密码']}
- {'password': ['仅允许6-20个字符的密码'], 'password_confirm': ['仅允许6-20个字符的密码']}
?                                                           ^

+ {'password': ['仅允许6-20个字符的密码'], 'password_confirm': ['仅允许6~20个字符的确认密码']}
?                                                           ^      ++
]
[2020-07-09 16:40:41,869] - [test_register.py --> line:72] - [INFO] : [[{case.title}] --> 该用例执行未通过]
[2020-07-09 16:40:42,009] - [test_register.py --> line:51] - [INFO] : [正在请求地址：http://api.keyou.site:8000/user/register/]
[2020-07-09 16:40:42,255] - [test_register.py --> line:71] - [ERROR] : [200 != 201]
[2020-07-09 16:40:42,255] - [test_register.py --> line:72] - [INFO] : [[{case.title}] --> 该用例执行未通过]
[2020-07-09 16:40:42,397] - [test_register.py --> line:51] - [INFO] : [正在请求地址：http://api.keyou.site:8000/user/register/]
[2020-07-09 16:40:42,514] - [test_register.py --> line:71] - [ERROR] : [{'password': ['仅允许6-20个字符的密码'], 'password_confirm': ['仅允许6-20个字符的密码']} != {'password': ['仅允许6-20个字符的密码'], 'password_confirm': ['仅允许6~20个字符的确认密码']}
- {'password': ['仅允许6-20个字符的密码'], 'password_confirm': ['仅允许6-20个字符的密码']}
?                                                           ^

+ {'password': ['仅允许6-20个字符的密码'], 'password_confirm': ['仅允许6~20个字符的确认密码']}
?                                                           ^      ++
]
[2020-07-09 16:40:42,514] - [test_register.py --> line:72] - [INFO] : [[{case.title}] --> 该用例执行未通过]
[2020-07-09 16:40:42,657] - [test_register.py --> line:51] - [INFO] : [正在请求地址：http://api.keyou.site:8000/user/register/]
[2020-07-09 16:40:42,925] - [test_register.py --> line:71] - [ERROR] : [200 != 201]
[2020-07-09 16:40:42,925] - [test_register.py --> line:72] - [INFO] : [[{case.title}] --> 该用例执行未通过]
[2020-07-09 16:40:43,067] - [test_register.py --> line:51] - [INFO] : [正在请求地址：http://api.keyou.site:8000/user/register/]
[2020-07-09 16:40:43,185] - [test_register.py --> line:77] - [INFO] : [[确认密码为空] --> 该用例执行通过]
[2020-07-09 16:40:43,325] - [test_register.py --> line:51] - [INFO] : [正在请求地址：http://api.keyou.site:8000/user/register/]
[2020-07-09 16:40:43,453] - [test_register.py --> line:77] - [INFO] : [[确认密码与密码不一致] --> 该用例执行通过]
[2020-07-09 16:40:43,454] - [run_test.py --> line:25] - [INFO] : [---------------------------------------测试结束---------------------------------------]
[2020-07-09 16:41:44,444] - [run_test.py --> line:9] - [INFO] : [---------------------------------------测试开始---------------------------------------]
[2020-07-09 16:41:44,809] - [test_register.py --> line:51] - [INFO] : [正在请求地址：http://api.keyou.site:8000/user/register/]
[2020-07-09 16:41:45,134] - [test_register.py --> line:77] - [INFO] : [[正常注册] --> 该用例执行通过]
[2020-07-09 16:41:45,298] - [test_register.py --> line:51] - [INFO] : [正在请求地址：http://api.keyou.site:8000/user/register/]
[2020-07-09 16:41:45,414] - [test_register.py --> line:77] - [INFO] : [[用户名为空] --> 该用例执行通过]
[2020-07-09 16:41:45,572] - [test_register.py --> line:51] - [INFO] : [正在请求地址：http://api.keyou.site:8000/user/register/]
[2020-07-09 16:41:45,701] - [test_register.py --> line:77] - [INFO] : [[用户名不足6位（5位）] --> 该用例执行通过]
[2020-07-09 16:41:45,862] - [test_register.py --> line:51] - [INFO] : [正在请求地址：http://api.keyou.site:8000/user/register/]
[2020-07-09 16:41:46,190] - [test_register.py --> line:77] - [INFO] : [[用户名刚好6位] --> 该用例执行通过]
[2020-07-09 16:41:46,349] - [test_register.py --> line:51] - [INFO] : [正在请求地址：http://api.keyou.site:8000/user/register/]
[2020-07-09 16:41:46,478] - [test_register.py --> line:77] - [INFO] : [[用户名超过20位(21位)] --> 该用例执行通过]
[2020-07-09 16:41:46,640] - [test_register.py --> line:51] - [INFO] : [正在请求地址：http://api.keyou.site:8000/user/register/]
[2020-07-09 16:41:46,964] - [test_register.py --> line:77] - [INFO] : [[用户名刚好20位] --> 该用例执行通过]
[2020-07-09 16:41:47,125] - [test_register.py --> line:51] - [INFO] : [正在请求地址：http://api.keyou.site:8000/user/register/]
[2020-07-09 16:41:47,253] - [test_register.py --> line:77] - [INFO] : [[用户名已注册] --> 该用例执行通过]
[2020-07-09 16:41:47,411] - [test_register.py --> line:51] - [INFO] : [正在请求地址：http://api.keyou.site:8000/user/register/]
[2020-07-09 16:41:47,535] - [test_register.py --> line:77] - [INFO] : [[邮箱为空] --> 该用例执行通过]
[2020-07-09 16:41:47,697] - [test_register.py --> line:51] - [INFO] : [正在请求地址：http://api.keyou.site:8000/user/register/]
[2020-07-09 16:41:47,828] - [test_register.py --> line:77] - [INFO] : [[邮箱已注册] --> 该用例执行通过]
[2020-07-09 16:41:47,988] - [test_register.py --> line:51] - [INFO] : [正在请求地址：http://api.keyou.site:8000/user/register/]
[2020-07-09 16:41:48,113] - [test_register.py --> line:77] - [INFO] : [[邮箱格式错误] --> 该用例执行通过]
[2020-07-09 16:41:48,271] - [test_register.py --> line:51] - [INFO] : [正在请求地址：http://api.keyou.site:8000/user/register/]
[2020-07-09 16:41:48,403] - [test_register.py --> line:77] - [INFO] : [[密码为空] --> 该用例执行通过]
[2020-07-09 16:41:48,562] - [test_register.py --> line:51] - [INFO] : [正在请求地址：http://api.keyou.site:8000/user/register/]
[2020-07-09 16:41:48,695] - [test_register.py --> line:77] - [INFO] : [[密码不足6位（5位）] --> 该用例执行通过]
[2020-07-09 16:41:48,855] - [test_register.py --> line:51] - [INFO] : [正在请求地址：http://api.keyou.site:8000/user/register/]
[2020-07-09 16:41:49,104] - [test_register.py --> line:71] - [ERROR] : [200 != 201]
[2020-07-09 16:41:49,104] - [test_register.py --> line:72] - [INFO] : [[{case.title}] --> 该用例执行未通过]
[2020-07-09 16:41:49,264] - [test_register.py --> line:51] - [INFO] : [正在请求地址：http://api.keyou.site:8000/user/register/]
[2020-07-09 16:41:49,396] - [test_register.py --> line:77] - [INFO] : [[密码超过20位（21位）] --> 该用例执行通过]
[2020-07-09 16:41:49,555] - [test_register.py --> line:51] - [INFO] : [正在请求地址：http://api.keyou.site:8000/user/register/]
[2020-07-09 16:41:49,794] - [test_register.py --> line:71] - [ERROR] : [200 != 201]
[2020-07-09 16:41:49,794] - [test_register.py --> line:72] - [INFO] : [[{case.title}] --> 该用例执行未通过]
[2020-07-09 16:41:49,954] - [test_register.py --> line:51] - [INFO] : [正在请求地址：http://api.keyou.site:8000/user/register/]
[2020-07-09 16:41:50,082] - [test_register.py --> line:77] - [INFO] : [[确认密码为空] --> 该用例执行通过]
[2020-07-09 16:41:50,245] - [test_register.py --> line:51] - [INFO] : [正在请求地址：http://api.keyou.site:8000/user/register/]
[2020-07-09 16:41:50,371] - [test_register.py --> line:77] - [INFO] : [[确认密码与密码不一致] --> 该用例执行通过]
[2020-07-09 16:41:50,372] - [run_test.py --> line:25] - [INFO] : [---------------------------------------测试结束---------------------------------------]
[2020-07-09 16:43:06,112] - [run_test.py --> line:9] - [INFO] : [---------------------------------------测试开始---------------------------------------]
[2020-07-09 16:43:06,509] - [test_register.py --> line:51] - [INFO] : [正在请求地址：http://api.keyou.site:8000/user/register/]
[2020-07-09 16:43:06,836] - [test_register.py --> line:77] - [INFO] : [[正常注册] --> 该用例执行通过]
[2020-07-09 16:43:07,008] - [test_register.py --> line:51] - [INFO] : [正在请求地址：http://api.keyou.site:8000/user/register/]
[2020-07-09 16:43:07,131] - [test_register.py --> line:77] - [INFO] : [[用户名为空] --> 该用例执行通过]
[2020-07-09 16:43:07,300] - [test_register.py --> line:51] - [INFO] : [正在请求地址：http://api.keyou.site:8000/user/register/]
[2020-07-09 16:43:07,427] - [test_register.py --> line:77] - [INFO] : [[用户名不足6位（5位）] --> 该用例执行通过]
[2020-07-09 16:43:07,600] - [test_register.py --> line:51] - [INFO] : [正在请求地址：http://api.keyou.site:8000/user/register/]
[2020-07-09 16:43:08,081] - [test_register.py --> line:77] - [INFO] : [[用户名刚好6位] --> 该用例执行通过]
[2020-07-09 16:43:08,251] - [test_register.py --> line:51] - [INFO] : [正在请求地址：http://api.keyou.site:8000/user/register/]
[2020-07-09 16:43:08,365] - [test_register.py --> line:77] - [INFO] : [[用户名超过20位(21位)] --> 该用例执行通过]
[2020-07-09 16:43:08,537] - [test_register.py --> line:51] - [INFO] : [正在请求地址：http://api.keyou.site:8000/user/register/]
[2020-07-09 16:43:08,864] - [test_register.py --> line:77] - [INFO] : [[用户名刚好20位] --> 该用例执行通过]
[2020-07-09 16:43:09,035] - [test_register.py --> line:51] - [INFO] : [正在请求地址：http://api.keyou.site:8000/user/register/]
[2020-07-09 16:43:09,158] - [test_register.py --> line:77] - [INFO] : [[用户名已注册] --> 该用例执行通过]
[2020-07-09 16:43:09,331] - [test_register.py --> line:51] - [INFO] : [正在请求地址：http://api.keyou.site:8000/user/register/]
[2020-07-09 16:43:09,457] - [test_register.py --> line:77] - [INFO] : [[邮箱为空] --> 该用例执行通过]
[2020-07-09 16:43:09,628] - [test_register.py --> line:51] - [INFO] : [正在请求地址：http://api.keyou.site:8000/user/register/]
[2020-07-09 16:43:09,751] - [test_register.py --> line:77] - [INFO] : [[邮箱已注册] --> 该用例执行通过]
[2020-07-09 16:43:09,924] - [test_register.py --> line:51] - [INFO] : [正在请求地址：http://api.keyou.site:8000/user/register/]
[2020-07-09 16:43:10,047] - [test_register.py --> line:77] - [INFO] : [[邮箱格式错误] --> 该用例执行通过]
[2020-07-09 16:43:10,218] - [test_register.py --> line:51] - [INFO] : [正在请求地址：http://api.keyou.site:8000/user/register/]
[2020-07-09 16:43:10,347] - [test_register.py --> line:77] - [INFO] : [[密码为空] --> 该用例执行通过]
[2020-07-09 16:43:10,512] - [test_register.py --> line:51] - [INFO] : [正在请求地址：http://api.keyou.site:8000/user/register/]
[2020-07-09 16:43:10,640] - [test_register.py --> line:77] - [INFO] : [[密码不足6位（5位）] --> 该用例执行通过]
[2020-07-09 16:43:10,812] - [test_register.py --> line:51] - [INFO] : [正在请求地址：http://api.keyou.site:8000/user/register/]
[2020-07-09 16:43:11,153] - [test_register.py --> line:77] - [INFO] : [[密码刚好6位] --> 该用例执行通过]
[2020-07-09 16:43:11,323] - [test_register.py --> line:51] - [INFO] : [正在请求地址：http://api.keyou.site:8000/user/register/]
[2020-07-09 16:43:11,442] - [test_register.py --> line:77] - [INFO] : [[密码超过20位（21位）] --> 该用例执行通过]
[2020-07-09 16:43:11,612] - [test_register.py --> line:51] - [INFO] : [正在请求地址：http://api.keyou.site:8000/user/register/]
[2020-07-09 16:43:11,936] - [test_register.py --> line:77] - [INFO] : [[密码刚好20位] --> 该用例执行通过]
[2020-07-09 16:43:12,107] - [test_register.py --> line:51] - [INFO] : [正在请求地址：http://api.keyou.site:8000/user/register/]
[2020-07-09 16:43:12,231] - [test_register.py --> line:77] - [INFO] : [[确认密码为空] --> 该用例执行通过]
[2020-07-09 16:43:12,402] - [test_register.py --> line:51] - [INFO] : [正在请求地址：http://api.keyou.site:8000/user/register/]
[2020-07-09 16:43:12,527] - [test_register.py --> line:77] - [INFO] : [[确认密码与密码不一致] --> 该用例执行通过]
[2020-07-09 16:43:12,528] - [run_test.py --> line:25] - [INFO] : [---------------------------------------测试结束---------------------------------------]
[2020-07-09 16:48:36,526] - [run_test.py --> line:9] - [INFO] : [---------------------------------------测试开始---------------------------------------]
[2020-07-09 16:48:37,539] - [test_register.py --> line:51] - [INFO] : [正在请求地址：http://api.keyou.site:8000/user/register/]
[2020-07-09 16:48:38,164] - [test_register.py --> line:77] - [INFO] : [[正常注册] --> 该用例执行通过]
[2020-07-09 16:48:38,313] - [test_register.py --> line:51] - [INFO] : [正在请求地址：http://api.keyou.site:8000/user/register/]
[2020-07-09 16:48:38,434] - [test_register.py --> line:77] - [INFO] : [[用户名为空] --> 该用例执行通过]
[2020-07-09 16:48:38,585] - [test_register.py --> line:51] - [INFO] : [正在请求地址：http://api.keyou.site:8000/user/register/]
[2020-07-09 16:48:38,711] - [test_register.py --> line:77] - [INFO] : [[用户名不足6位（5位）] --> 该用例执行通过]
[2020-07-09 16:48:38,862] - [test_register.py --> line:51] - [INFO] : [正在请求地址：http://api.keyou.site:8000/user/register/]
[2020-07-09 16:48:39,185] - [test_register.py --> line:77] - [INFO] : [[用户名刚好6位] --> 该用例执行通过]
[2020-07-09 16:48:39,334] - [test_register.py --> line:51] - [INFO] : [正在请求地址：http://api.keyou.site:8000/user/register/]
[2020-07-09 16:48:39,458] - [test_register.py --> line:77] - [INFO] : [[用户名超过20位(21位)] --> 该用例执行通过]
[2020-07-09 16:48:39,609] - [test_register.py --> line:51] - [INFO] : [正在请求地址：http://api.keyou.site:8000/user/register/]
[2020-07-09 16:48:39,924] - [test_register.py --> line:77] - [INFO] : [[用户名刚好20位] --> 该用例执行通过]
[2020-07-09 16:48:40,075] - [test_register.py --> line:51] - [INFO] : [正在请求地址：http://api.keyou.site:8000/user/register/]
[2020-07-09 16:48:40,201] - [test_register.py --> line:77] - [INFO] : [[用户名已注册] --> 该用例执行通过]
[2020-07-09 16:48:40,352] - [test_register.py --> line:51] - [INFO] : [正在请求地址：http://api.keyou.site:8000/user/register/]
[2020-07-09 16:48:40,488] - [test_register.py --> line:77] - [INFO] : [[邮箱为空] --> 该用例执行通过]
[2020-07-09 16:48:40,638] - [test_register.py --> line:51] - [INFO] : [正在请求地址：http://api.keyou.site:8000/user/register/]
[2020-07-09 16:48:40,762] - [test_register.py --> line:77] - [INFO] : [[邮箱已注册] --> 该用例执行通过]
[2020-07-09 16:48:40,915] - [test_register.py --> line:51] - [INFO] : [正在请求地址：http://api.keyou.site:8000/user/register/]
[2020-07-09 16:48:41,037] - [test_register.py --> line:77] - [INFO] : [[邮箱格式错误] --> 该用例执行通过]
[2020-07-09 16:48:41,189] - [test_register.py --> line:51] - [INFO] : [正在请求地址：http://api.keyou.site:8000/user/register/]
[2020-07-09 16:48:41,317] - [test_register.py --> line:77] - [INFO] : [[密码为空] --> 该用例执行通过]
[2020-07-09 16:48:41,466] - [test_register.py --> line:51] - [INFO] : [正在请求地址：http://api.keyou.site:8000/user/register/]
[2020-07-09 16:48:41,586] - [test_register.py --> line:77] - [INFO] : [[密码不足6位（5位）] --> 该用例执行通过]
[2020-07-09 16:48:41,733] - [test_register.py --> line:51] - [INFO] : [正在请求地址：http://api.keyou.site:8000/user/register/]
[2020-07-09 16:48:42,049] - [test_register.py --> line:77] - [INFO] : [[密码刚好6位] --> 该用例执行通过]
[2020-07-09 16:48:42,197] - [test_register.py --> line:51] - [INFO] : [正在请求地址：http://api.keyou.site:8000/user/register/]
[2020-07-09 16:48:42,310] - [test_register.py --> line:77] - [INFO] : [[密码超过20位（21位）] --> 该用例执行通过]
[2020-07-09 16:48:42,458] - [test_register.py --> line:51] - [INFO] : [正在请求地址：http://api.keyou.site:8000/user/register/]
[2020-07-09 16:48:42,801] - [test_register.py --> line:77] - [INFO] : [[密码刚好20位] --> 该用例执行通过]
[2020-07-09 16:48:42,951] - [test_register.py --> line:51] - [INFO] : [正在请求地址：http://api.keyou.site:8000/user/register/]
[2020-07-09 16:48:43,080] - [test_register.py --> line:77] - [INFO] : [[确认密码为空] --> 该用例执行通过]
[2020-07-09 16:48:43,231] - [test_register.py --> line:51] - [INFO] : [正在请求地址：http://api.keyou.site:8000/user/register/]
[2020-07-09 16:48:43,346] - [test_register.py --> line:77] - [INFO] : [[确认密码与密码不一致] --> 该用例执行通过]
[2020-07-09 16:48:43,347] - [run_test.py --> line:25] - [INFO] : [---------------------------------------测试结束---------------------------------------]
[2020-07-09 17:22:28,377] - [run_test.py --> line:9] - [INFO] : [---------------------------------------测试开始---------------------------------------]
[2020-07-09 17:22:29,672] - [test_register.py --> line:51] - [INFO] : [正在请求地址：http://api.keyou.site:8000/user/register/]
[2020-07-09 17:22:30,734] - [test_register.py --> line:77] - [INFO] : [[正常注册] --> 该用例执行通过]
[2020-07-09 17:22:30,901] - [test_register.py --> line:51] - [INFO] : [正在请求地址：http://api.keyou.site:8000/user/register/]
[2020-07-09 17:22:31,023] - [test_register.py --> line:77] - [INFO] : [[用户名为空] --> 该用例执行通过]
[2020-07-09 17:22:31,191] - [test_register.py --> line:51] - [INFO] : [正在请求地址：http://api.keyou.site:8000/user/register/]
[2020-07-09 17:22:31,308] - [test_register.py --> line:77] - [INFO] : [[用户名不足6位（5位）] --> 该用例执行通过]
[2020-07-09 17:22:31,474] - [test_register.py --> line:51] - [INFO] : [正在请求地址：http://api.keyou.site:8000/user/register/]
[2020-07-09 17:22:31,804] - [test_register.py --> line:77] - [INFO] : [[用户名刚好6位] --> 该用例执行通过]
[2020-07-09 17:22:31,972] - [test_register.py --> line:51] - [INFO] : [正在请求地址：http://api.keyou.site:8000/user/register/]
[2020-07-09 17:22:32,094] - [test_register.py --> line:77] - [INFO] : [[用户名超过20位(21位)] --> 该用例执行通过]
[2020-07-09 17:22:32,263] - [test_register.py --> line:51] - [INFO] : [正在请求地址：http://api.keyou.site:8000/user/register/]
[2020-07-09 17:22:32,685] - [test_register.py --> line:77] - [INFO] : [[用户名刚好20位] --> 该用例执行通过]
[2020-07-09 17:22:32,852] - [test_register.py --> line:51] - [INFO] : [正在请求地址：http://api.keyou.site:8000/user/register/]
[2020-07-09 17:22:32,971] - [test_register.py --> line:77] - [INFO] : [[用户名已注册] --> 该用例执行通过]
[2020-07-09 17:22:33,139] - [test_register.py --> line:51] - [INFO] : [正在请求地址：http://api.keyou.site:8000/user/register/]
[2020-07-09 17:22:33,271] - [test_register.py --> line:77] - [INFO] : [[邮箱为空] --> 该用例执行通过]
[2020-07-09 17:22:33,440] - [test_register.py --> line:51] - [INFO] : [正在请求地址：http://api.keyou.site:8000/user/register/]
[2020-07-09 17:22:33,557] - [test_register.py --> line:77] - [INFO] : [[邮箱已注册] --> 该用例执行通过]
[2020-07-09 17:22:33,725] - [test_register.py --> line:51] - [INFO] : [正在请求地址：http://api.keyou.site:8000/user/register/]
[2020-07-09 17:22:33,847] - [test_register.py --> line:77] - [INFO] : [[邮箱格式错误] --> 该用例执行通过]
[2020-07-09 17:22:34,017] - [test_register.py --> line:51] - [INFO] : [正在请求地址：http://api.keyou.site:8000/user/register/]
[2020-07-09 17:22:34,135] - [test_register.py --> line:77] - [INFO] : [[密码为空] --> 该用例执行通过]
[2020-07-09 17:22:34,303] - [test_register.py --> line:51] - [INFO] : [正在请求地址：http://api.keyou.site:8000/user/register/]
[2020-07-09 17:22:34,430] - [test_register.py --> line:77] - [INFO] : [[密码不足6位（5位）] --> 该用例执行通过]
[2020-07-09 17:22:34,597] - [test_register.py --> line:51] - [INFO] : [正在请求地址：http://api.keyou.site:8000/user/register/]
[2020-07-09 17:22:34,917] - [test_register.py --> line:77] - [INFO] : [[密码刚好6位] --> 该用例执行通过]
[2020-07-09 17:22:35,083] - [test_register.py --> line:51] - [INFO] : [正在请求地址：http://api.keyou.site:8000/user/register/]
[2020-07-09 17:22:35,213] - [test_register.py --> line:77] - [INFO] : [[密码超过20位（21位）] --> 该用例执行通过]
[2020-07-09 17:22:35,380] - [test_register.py --> line:51] - [INFO] : [正在请求地址：http://api.keyou.site:8000/user/register/]
[2020-07-09 17:22:35,698] - [test_register.py --> line:77] - [INFO] : [[密码刚好20位] --> 该用例执行通过]
[2020-07-09 17:22:35,866] - [test_register.py --> line:51] - [INFO] : [正在请求地址：http://api.keyou.site:8000/user/register/]
[2020-07-09 17:22:35,994] - [test_register.py --> line:77] - [INFO] : [[确认密码为空] --> 该用例执行通过]
[2020-07-09 17:22:36,161] - [test_register.py --> line:51] - [INFO] : [正在请求地址：http://api.keyou.site:8000/user/register/]
[2020-07-09 17:22:36,279] - [test_register.py --> line:77] - [INFO] : [[确认密码与密码不一致] --> 该用例执行通过]
[2020-07-09 17:22:36,279] - [run_test.py --> line:25] - [INFO] : [---------------------------------------测试结束---------------------------------------]
